[0327/110920.312:ERROR:process_memory_win.cc(73)] ReadMemory at 0x7ff686bf0000 of 64 bytes failed: Only part of a ReadProcessMemory or WriteProcessMemory request was completed. (0x12B)
[0327/110920.314:WARNING:pe_image_reader.cc(340)] could not read dos header from C:\Program Files (x86)\Google\Chrome\Application\chrome.exe
[0327/110920.314:ERROR:process_memory_win.cc(73)] ReadMemory at 0x7fffb4fc0000 of 64 bytes failed: Only part of a ReadProcessMemory or WriteProcessMemory request was completed. (0x12B)
[0327/110920.314:WARNING:pe_image_reader.cc(340)] could not read dos header from C:\WINDOWS\SYSTEM32\ntdll.dll
[0327/110920.314:ERROR:process_memory_win.cc(73)] ReadMemory at 0x7fffb4ec0000 of 64 bytes failed: Only part of a ReadProcessMemory or WriteProcessMemory request was completed. (0x12B)
[0327/110920.314:WARNING:pe_image_reader.cc(340)] could not read dos header from C:\WINDOWS\System32\KERNEL32.DLL
[0327/110920.314:ERROR:process_memory_win.cc(73)] ReadMemory at 0x7fffb21f0000 of 64 bytes failed: Only part of a ReadProcessMemory or WriteProcessMemory request was completed. (0x12B)
[0327/110920.314:WARNING:pe_image_reader.cc(340)] could not read dos header from C:\WINDOWS\System32\KERNELBASE.dll
[0327/110920.314:ERROR:process_memory_win.cc(73)] ReadMemory at 0x7fffa85c0000 of 64 bytes failed: Only part of a ReadProcessMemory or WriteProcessMemory request was completed. (0x12B)
[0327/110920.314:WARNING:pe_image_reader.cc(340)] could not read dos header from C:\Program Files (x86)\Google\Chrome\Application\80.0.3987.149\chrome_elf.dll
[0327/110920.315:ERROR:process_memory_win.cc(73)] ReadMemory at 0x7fffaa390000 of 64 bytes failed: Only part of a ReadProcessMemory or WriteProcessMemory request was completed. (0x12B)
[0327/110920.315:WARNING:pe_image_reader.cc(340)] could not read dos header from C:\WINDOWS\SYSTEM32\VERSION.dll
[0327/110920.315:ERROR:process_memory_win.cc(73)] ReadMemory at 0x7fffb4400000 of 64 bytes failed: Only part of a ReadProcessMemory or WriteProcessMemory request was completed. (0x12B)
[0327/110920.315:WARNING:pe_image_reader.cc(340)] could not read dos header from C:\WINDOWS\System32\msvcrt.dll
[0327/110920.315:ERROR:process_memory_win.cc(73)] ReadMemory at 0x7fffb2530000 of 64 bytes failed: Only part of a ReadProcessMemory or WriteProcessMemory request was completed. (0x12B)
[0327/110920.315:WARNING:pe_image_reader.cc(340)] could not read dos header from C:\WINDOWS\System32\bcryptPrimitives.dll
[0327/110920.315:ERROR:process_memory_win.cc(73)] ReadMemory at 0x7fffb3200000 of 64 bytes failed: Only part of a ReadProcessMemory or WriteProcessMemory request was completed. (0x12B)
[0327/110920.315:WARNING:pe_image_reader.cc(340)] could not read dos header from C:\WINDOWS\System32\ADVAPI32.dll
[0327/110920.315:ERROR:process_memory_win.cc(73)] ReadMemory at 0x7fffb4d40000 of 64 bytes failed: Only part of a ReadProcessMemory or WriteProcessMemory request was completed. (0x12B)
[0327/110920.315:WARNING:pe_image_reader.cc(340)] could not read dos header from C:\WINDOWS\System32\sechost.dll
[0327/110920.315:ERROR:process_memory_win.cc(73)] ReadMemory at 0x7fffb3070000 of 64 bytes failed: Only part of a ReadProcessMemory or WriteProcessMemory request was completed. (0x12B)
[0327/110920.315:WARNING:pe_image_reader.cc(340)] could not read dos header from C:\WINDOWS\System32\RPCRT4.dll
[0327/110920.315:ERROR:process_memory_win.cc(73)] ReadMemory at 0x7fff4ca20000 of 64 bytes failed: Only part of a ReadProcessMemory or WriteProcessMemory request was completed. (0x12B)
[0327/110920.315:WARNING:pe_image_reader.cc(340)] could not read dos header from C:\Program Files (x86)\Google\Chrome\Application\80.0.3987.149\chrome.dll
[0327/110920.315:ERROR:process_memory_win.cc(73)] ReadMemory at 0x7fffb4200000 of 64 bytes failed: Only part of a ReadProcessMemory or WriteProcessMemory request was completed. (0x12B)
[0327/110920.315:WARNING:pe_image_reader.cc(340)] could not read dos header from C:\WINDOWS\System32\WS2_32.dll
[0327/110920.315:ERROR:process_memory_win.cc(73)] ReadMemory at 0x7fffb4270000 of 64 bytes failed: Only part of a ReadProcessMemory or WriteProcessMemory request was completed. (0x12B)
[0327/110920.315:WARNING:pe_image_reader.cc(340)] could not read dos header from C:\WINDOWS\System32\OLEAUT32.dll
[0327/110920.315:ERROR:process_memory_win.cc(73)] ReadMemory at 0x7fffb2fd0000 of 64 bytes failed: Only part of a ReadProcessMemory or WriteProcessMemory request was completed. (0x12B)
[0327/110920.315:WARNING:pe_image_reader.cc(340)] could not read dos header from C:\WINDOWS\System32\msvcp_win.dll
[0327/110920.315:ERROR:process_memory_win.cc(73)] ReadMemory at 0x7fffb1f50000 of 64 bytes failed: Only part of a ReadProcessMemory or WriteProcessMemory request was completed. (0x12B)
[0327/110920.315:WARNING:pe_image_reader.cc(340)] could not read dos header from C:\WINDOWS\System32\ucrtbase.dll
[0327/110920.315:ERROR:process_memory_win.cc(73)] ReadMemory at 0x7fffb3a00000 of 64 bytes failed: Only part of a ReadProcessMemory or WriteProcessMemory request was completed. (0x12B)
[0327/110920.315:WARNING:pe_image_reader.cc(340)] could not read dos header from C:\WINDOWS\System32\combase.dll
[0327/110920.315:ERROR:process_memory_win.cc(73)] ReadMemory at 0x7fffb24a0000 of 64 bytes failed: Only part of a ReadProcessMemory or WriteProcessMemory request was completed. (0x12B)
[0327/110920.315:WARNING:pe_image_reader.cc(340)] could not read dos header from C:\WINDOWS\System32\WINTRUST.dll
[0327/110920.315:ERROR:process_memory_win.cc(73)] ReadMemory at 0x7fffb1f00000 of 64 bytes failed: Only part of a ReadProcessMemory or WriteProcessMemory request was completed. (0x12B)
[0327/110920.315:WARNING:pe_image_reader.cc(340)] could not read dos header from C:\WINDOWS\System32\MSASN1.dll
[0327/110920.315:ERROR:process_memory_win.cc(73)] ReadMemory at 0x7fffb25d0000 of 64 bytes failed: Only part of a ReadProcessMemory or WriteProcessMemory request was completed. (0x12B)
[0327/110920.315:WARNING:pe_image_reader.cc(340)] could not read dos header from C:\WINDOWS\System32\CRYPT32.dll
[0327/110920.316:ERROR:process_memory_win.cc(73)] ReadMemory at 0x7fffb1400000 of 64 bytes failed: Only part of a ReadProcessMemory or WriteProcessMemory request was completed. (0x12B)
[0327/110920.316:WARNING:pe_image_reader.cc(340)] could not read dos header from C:\WINDOWS\SYSTEM32\IPHLPAPI.DLL
[0327/110920.316:ERROR:process_memory_win.cc(73)] ReadMemory at 0x7fffa9fd0000 of 64 bytes failed: Only part of a ReadProcessMemory or WriteProcessMemory request was completed. (0x12B)
[0327/110920.316:WARNING:pe_image_reader.cc(340)] could not read dos header from C:\WINDOWS\SYSTEM32\WINMM.dll
[0327/110920.316:ERROR:process_memory_win.cc(73)] ReadMemory at 0x7fffa1dc0000 of 64 bytes failed: Only part of a ReadProcessMemory or WriteProcessMemory request was completed. (0x12B)
[0327/110920.316:WARNING:pe_image_reader.cc(340)] could not read dos header from C:\WINDOWS\SYSTEM32\Secur32.dll
[0327/110920.316:ERROR:process_memory_win.cc(73)] ReadMemory at 0x7fffb1da0000 of 64 bytes failed: Only part of a ReadProcessMemory or WriteProcessMemory request was completed. (0x12B)
[0327/110920.316:WARNING:pe_image_reader.cc(340)] could not read dos header from C:\WINDOWS\SYSTEM32\USERENV.dll
[0327/110920.316:ERROR:process_memory_win.cc(73)] ReadMemory at 0x7fffb1f20000 of 64 bytes failed: Only part of a ReadProcessMemory or WriteProcessMemory request was completed. (0x12B)
[0327/110920.316:WARNING:pe_image_reader.cc(340)] could not read dos header from C:\WINDOWS\System32\profapi.dll
[0327/110920.316:ERROR:process_memory_win.cc(73)] ReadMemory at 0x7fff93950000 of 64 bytes failed: Only part of a ReadProcessMemory or WriteProcessMemory request was completed. (0x12B)
[0327/110920.316:WARNING:pe_image_reader.cc(340)] could not read dos header from C:\WINDOWS\SYSTEM32\UIAutomationCore.DLL
[0327/110920.316:ERROR:process_memory_win.cc(73)] ReadMemory at 0x7fff98da0000 of 64 bytes failed: Only part of a ReadProcessMemory or WriteProcessMemory request was completed. (0x12B)
[0327/110920.316:WARNING:pe_image_reader.cc(340)] could not read dos header from C:\WINDOWS\SYSTEM32\DWrite.dll
[0327/110920.316:ERROR:process_memory_win.cc(73)] ReadMemory at 0x7fffa7eb0000 of 64 bytes failed: Only part of a ReadProcessMemory or WriteProcessMemory request was completed. (0x12B)
[0327/110920.316:WARNING:pe_image_reader.cc(340)] could not read dos header from C:\WINDOWS\SYSTEM32\WINSPOOL.DRV
[0327/110920.316:ERROR:process_memory_win.cc(73)] ReadMemory at 0x7fffb1e90000 of 64 bytes failed: Only part of a ReadProcessMemory or WriteProcessMemory request was completed. (0x12B)
[0327/110920.316:WARNING:pe_image_reader.cc(340)] could not read dos header from C:\WINDOWS\System32\kernel.appcore.dll
[0327/110920.316:ERROR:process_memory_win.cc(73)] ReadMemory at 0x7fffb27d0000 of 64 bytes failed: Only part of a ReadProcessMemory or WriteProcessMemory request was completed. (0x12B)
[0327/110920.316:WARNING:pe_image_reader.cc(340)] could not read dos header from C:\WINDOWS\System32\bcrypt.dll
[0327/110920.316:ERROR:process_memory_win.cc(73)] ReadMemory at 0x7fffb0880000 of 64 bytes failed: Only part of a ReadProcessMemory or WriteProcessMemory request was completed. (0x12B)
[0327/110920.316:WARNING:pe_image_reader.cc(340)] could not read dos header from C:\WINDOWS\SYSTEM32\dbghelp.dll
[0327/110920.316:ERROR:process_memory_win.cc(73)] ReadMemory at 0x7fffaa290000 of 64 bytes failed: Only part of a ReadProcessMemory or WriteProcessMemory request was completed. (0x12B)
[0327/110920.316:WARNING:pe_image_reader.cc(340)] could not read dos header from C:\WINDOWS\SYSTEM32\WINHTTP.dll
[0327/110920.316:ERROR:process_memory_win.cc(73)] ReadMemory at 0x7fffad100000 of 64 bytes failed: Only part of a ReadProcessMemory or WriteProcessMemory request was completed. (0x12B)
[0327/110920.316:WARNING:pe_image_reader.cc(340)] could not read dos header from C:\WINDOWS\SYSTEM32\dhcpcsvc.DLL
[0327/110920.316:ERROR:process_memory_win.cc(73)] ReadMemory at 0x7fffb3fb0000 of 64 bytes failed: Only part of a ReadProcessMemory or WriteProcessMemory request was completed. (0x12B)
[0327/110920.316:WARNING:pe_image_reader.cc(340)] could not read dos header from C:\WINDOWS\System32\NSI.dll
[0327/110920.317:ERROR:process_memory_win.cc(73)] ReadMemory at 0x7fffa9fa0000 of 64 bytes failed: Only part of a ReadProcessMemory or WriteProcessMemory request was completed. (0x12B)
[0327/110920.317:WARNING:pe_image_reader.cc(340)] could not read dos header from C:\WINDOWS\SYSTEM32\WINMMBASE.dll
[0327/110920.317:ERROR:process_memory_win.cc(73)] ReadMemory at 0x7fffb2800000 of 64 bytes failed: Only part of a ReadProcessMemory or WriteProcessMemory request was completed. (0x12B)
[0327/110920.317:WARNING:pe_image_reader.cc(340)] could not read dos header from C:\WINDOWS\System32\cfgmgr32.dll
[0327/110920.317:ERROR:process_memory_win.cc(73)] ReadMemory at 0x7fffae760000 of 64 bytes failed: Only part of a ReadProcessMemory or WriteProcessMemory request was completed. (0x12B)
[0327/110920.317:WARNING:pe_image_reader.cc(340)] could not read dos header from C:\WINDOWS\SYSTEM32\PROPSYS.dll
[0327/110920.317:ERROR:process_memory_win.cc(73)] ReadMemory at 0x7fffb40f0000 of 64 bytes failed: Only part of a ReadProcessMemory or WriteProcessMemory request was completed. (0x12B)
[0327/110920.317:WARNING:pe_image_reader.cc(340)] could not read dos header from C:\WINDOWS\System32\shcore.dll
[0327/110920.317:ERROR:process_memory_win.cc(73)] ReadMemory at 0x7fffb1d70000 of 64 bytes failed: Only part of a ReadProcessMemory or WriteProcessMemory request was completed. (0x12B)
[0327/110920.317:WARNING:pe_image_reader.cc(340)] could not read dos header from C:\WINDOWS\SYSTEM32\SSPICLI.DLL
[0327/110920.317:ERROR:process_memory_win.cc(73)] ReadMemory at 0x7fffb4de0000 of 64 bytes failed: Only part of a ReadProcessMemory or WriteProcessMemory request was completed. (0x12B)
[0327/110920.317:WARNING:pe_image_reader.cc(340)] could not read dos header from C:\WINDOWS\System32\GDI32.dll
[0327/110920.317:ERROR:process_memory_win.cc(73)] ReadMemory at 0x7fffb2500000 of 64 bytes failed: Only part of a ReadProcessMemory or WriteProcessMemory request was completed. (0x12B)
[0327/110920.317:WARNING:pe_image_reader.cc(340)] could not read dos header from C:\WINDOWS\System32\win32u.dll
[0327/110920.317:ERROR:process_memory_win.cc(73)] ReadMemory at 0x7fffb2050000 of 64 bytes failed: Only part of a ReadProcessMemory or WriteProcessMemory request was completed. (0x12B)
[0327/110920.317:WARNING:pe_image_reader.cc(340)] could not read dos header from C:\WINDOWS\System32\gdi32full.dll
[0327/110920.317:ERROR:process_memory_win.cc(73)] ReadMemory at 0x7fffb32b0000 of 64 bytes failed: Only part of a ReadProcessMemory or WriteProcessMemory request was completed. (0x12B)
[0327/110920.317:WARNING:pe_image_reader.cc(340)] could not read dos header from C:\WINDOWS\System32\USER32.dll
[0327/110920.317:ERROR:process_memory_win.cc(73)] ReadMemory at 0x7fffb4e90000 of 64 bytes failed: Only part of a ReadProcessMemory or WriteProcessMemory request was completed. (0x12B)
[0327/110920.317:WARNING:pe_image_reader.cc(340)] could not read dos header from C:\WINDOWS\System32\IMM32.DLL
[0327/110920.317:ERROR:process_memory_win.cc(73)] ReadMemory at 0x7ff686bf0000 of 64 bytes failed: Only part of a ReadProcessMemory or WriteProcessMemory request was completed. (0x12B)
[0327/110920.317:WARNING:pe_image_reader.cc(340)] could not read dos header from C:\Program Files (x86)\Google\Chrome\Application\chrome.exe
[0327/110920.317:ERROR:process_memory_win.cc(73)] ReadMemory at 0x7fffb4fc0000 of 64 bytes failed: Only part of a ReadProcessMemory or WriteProcessMemory request was completed. (0x12B)
[0327/110920.317:WARNING:pe_image_reader.cc(340)] could not read dos header from C:\WINDOWS\SYSTEM32\ntdll.dll
[0327/110920.317:ERROR:process_memory_win.cc(73)] ReadMemory at 0x7fffb4ec0000 of 64 bytes failed: Only part of a ReadProcessMemory or WriteProcessMemory request was completed. (0x12B)
[0327/110920.317:WARNING:pe_image_reader.cc(340)] could not read dos header from C:\WINDOWS\System32\KERNEL32.DLL
[0327/110920.318:ERROR:process_memory_win.cc(73)] ReadMemory at 0x7fffb21f0000 of 64 bytes failed: Only part of a ReadProcessMemory or WriteProcessMemory request was completed. (0x12B)
[0327/110920.319:WARNING:pe_image_reader.cc(340)] could not read dos header from C:\WINDOWS\System32\KERNELBASE.dll
[0327/110920.319:ERROR:process_memory_win.cc(73)] ReadMemory at 0x7fffa85c0000 of 64 bytes failed: Only part of a ReadProcessMemory or WriteProcessMemory request was completed. (0x12B)
[0327/110920.319:WARNING:pe_image_reader.cc(340)] could not read dos header from C:\Program Files (x86)\Google\Chrome\Application\80.0.3987.149\chrome_elf.dll
[0327/110920.319:ERROR:process_memory_win.cc(73)] ReadMemory at 0x7fffaa390000 of 64 bytes failed: Only part of a ReadProcessMemory or WriteProcessMemory request was completed. (0x12B)
[0327/110920.319:WARNING:pe_image_reader.cc(340)] could not read dos header from C:\WINDOWS\SYSTEM32\VERSION.dll
[0327/110920.319:ERROR:process_memory_win.cc(73)] ReadMemory at 0x7fffb4400000 of 64 bytes failed: Only part of a ReadProcessMemory or WriteProcessMemory request was completed. (0x12B)
[0327/110920.319:WARNING:pe_image_reader.cc(340)] could not read dos header from C:\WINDOWS\System32\msvcrt.dll
[0327/110920.319:ERROR:process_memory_win.cc(73)] ReadMemory at 0x7fffb2530000 of 64 bytes failed: Only part of a ReadProcessMemory or WriteProcessMemory request was completed. (0x12B)
[0327/110920.319:WARNING:pe_image_reader.cc(340)] could not read dos header from C:\WINDOWS\System32\bcryptPrimitives.dll
[0327/110920.319:ERROR:process_memory_win.cc(73)] ReadMemory at 0x7fffb3200000 of 64 bytes failed: Only part of a ReadProcessMemory or WriteProcessMemory request was completed. (0x12B)
[0327/110920.319:WARNING:pe_image_reader.cc(340)] could not read dos header from C:\WINDOWS\System32\ADVAPI32.dll
[0327/110920.319:ERROR:process_memory_win.cc(73)] ReadMemory at 0x7fffb4d40000 of 64 bytes failed: Only part of a ReadProcessMemory or WriteProcessMemory request was completed. (0x12B)
[0327/110920.319:WARNING:pe_image_reader.cc(340)] could not read dos header from C:\WINDOWS\System32\sechost.dll
[0327/110920.319:ERROR:process_memory_win.cc(73)] ReadMemory at 0x7fffb3070000 of 64 bytes failed: Only part of a ReadProcessMemory or WriteProcessMemory request was completed. (0x12B)
[0327/110920.319:WARNING:pe_image_reader.cc(340)] could not read dos header from C:\WINDOWS\System32\RPCRT4.dll
[0327/110920.319:ERROR:process_memory_win.cc(73)] ReadMemory at 0x7fff4ca20000 of 64 bytes failed: Only part of a ReadProcessMemory or WriteProcessMemory request was completed. (0x12B)
[0327/110920.319:WARNING:pe_image_reader.cc(340)] could not read dos header from C:\Program Files (x86)\Google\Chrome\Application\80.0.3987.149\chrome.dll
[0327/110920.319:ERROR:process_memory_win.cc(73)] ReadMemory at 0x7fffb4200000 of 64 bytes failed: Only part of a ReadProcessMemory or WriteProcessMemory request was completed. (0x12B)
[0327/110920.319:WARNING:pe_image_reader.cc(340)] could not read dos header from C:\WINDOWS\System32\WS2_32.dll
[0327/110920.319:ERROR:process_memory_win.cc(73)] ReadMemory at 0x7fffb4270000 of 64 bytes failed: Only part of a ReadProcessMemory or WriteProcessMemory request was completed. (0x12B)
[0327/110920.319:WARNING:pe_image_reader.cc(340)] could not read dos header from C:\WINDOWS\System32\OLEAUT32.dll
[0327/110920.319:ERROR:process_memory_win.cc(73)] ReadMemory at 0x7fffb2fd0000 of 64 bytes failed: Only part of a ReadProcessMemory or WriteProcessMemory request was completed. (0x12B)
[0327/110920.319:WARNING:pe_image_reader.cc(340)] could not read dos header from C:\WINDOWS\System32\msvcp_win.dll
[0327/110920.319:ERROR:process_memory_win.cc(73)] ReadMemory at 0x7fffb1f50000 of 64 bytes failed: Only part of a ReadProcessMemory or WriteProcessMemory request was completed. (0x12B)
[0327/110920.319:WARNING:pe_image_reader.cc(340)] could not read dos header from C:\WINDOWS\System32\ucrtbase.dll
[0327/110920.319:ERROR:process_memory_win.cc(73)] ReadMemory at 0x7fffb3a00000 of 64 bytes failed: Only part of a ReadProcessMemory or WriteProcessMemory request was completed. (0x12B)
[0327/110920.319:WARNING:pe_image_reader.cc(340)] could not read dos header from C:\WINDOWS\System32\combase.dll
[0327/110920.319:ERROR:process_memory_win.cc(73)] ReadMemory at 0x7fffb24a0000 of 64 bytes failed: Only part of a ReadProcessMemory or WriteProcessMemory request was completed. (0x12B)
[0327/110920.319:WARNING:pe_image_reader.cc(340)] could not read dos header from C:\WINDOWS\System32\WINTRUST.dll
[0327/110920.319:ERROR:process_memory_win.cc(73)] ReadMemory at 0x7fffb1f00000 of 64 bytes failed: Only part of a ReadProcessMemory or WriteProcessMemory request was completed. (0x12B)
[0327/110920.319:WARNING:pe_image_reader.cc(340)] could not read dos header from C:\WINDOWS\System32\MSASN1.dll
[0327/110920.319:ERROR:process_memory_win.cc(73)] ReadMemory at 0x7fffb25d0000 of 64 bytes failed: Only part of a ReadProcessMemory or WriteProcessMemory request was completed. (0x12B)
[0327/110920.320:WARNING:pe_image_reader.cc(340)] could not read dos header from C:\WINDOWS\System32\CRYPT32.dll
[0327/110920.320:ERROR:process_memory_win.cc(73)] ReadMemory at 0x7fffb1400000 of 64 bytes failed: Only part of a ReadProcessMemory or WriteProcessMemory request was completed. (0x12B)
[0327/110920.320:WARNING:pe_image_reader.cc(340)] could not read dos header from C:\WINDOWS\SYSTEM32\IPHLPAPI.DLL
[0327/110920.320:ERROR:process_memory_win.cc(73)] ReadMemory at 0x7fffa9fd0000 of 64 bytes failed: Only part of a ReadProcessMemory or WriteProcessMemory request was completed. (0x12B)
[0327/110920.320:WARNING:pe_image_reader.cc(340)] could not read dos header from C:\WINDOWS\SYSTEM32\WINMM.dll
[0327/110920.320:ERROR:process_memory_win.cc(73)] ReadMemory at 0x7fffa1dc0000 of 64 bytes failed: Only part of a ReadProcessMemory or WriteProcessMemory request was completed. (0x12B)
[0327/110920.320:WARNING:pe_image_reader.cc(340)] could not read dos header from C:\WINDOWS\SYSTEM32\Secur32.dll
[0327/110920.320:ERROR:process_memory_win.cc(73)] ReadMemory at 0x7fffb1da0000 of 64 bytes failed: Only part of a ReadProcessMemory or WriteProcessMemory request was completed. (0x12B)
[0327/110920.320:WARNING:pe_image_reader.cc(340)] could not read dos header from C:\WINDOWS\SYSTEM32\USERENV.dll
[0327/110920.320:ERROR:process_memory_win.cc(73)] ReadMemory at 0x7fffb1f20000 of 64 bytes failed: Only part of a ReadProcessMemory or WriteProcessMemory request was completed. (0x12B)
[0327/110920.320:WARNING:pe_image_reader.cc(340)] could not read dos header from C:\WINDOWS\System32\profapi.dll
[0327/110920.321:ERROR:process_memory_win.cc(73)] ReadMemory at 0x7fff93950000 of 64 bytes failed: Only part of a ReadProcessMemory or WriteProcessMemory request was completed. (0x12B)
[0327/110920.321:WARNING:pe_image_reader.cc(340)] could not read dos header from C:\WINDOWS\SYSTEM32\UIAutomationCore.DLL
[0327/110920.321:ERROR:process_memory_win.cc(73)] ReadMemory at 0x7fff98da0000 of 64 bytes failed: Only part of a ReadProcessMemory or WriteProcessMemory request was completed. (0x12B)
[0327/110920.321:WARNING:pe_image_reader.cc(340)] could not read dos header from C:\WINDOWS\SYSTEM32\DWrite.dll
[0327/110920.321:ERROR:process_memory_win.cc(73)] ReadMemory at 0x7fffa7eb0000 of 64 bytes failed: Only part of a ReadProcessMemory or WriteProcessMemory request was completed. (0x12B)
[0327/110920.321:WARNING:pe_image_reader.cc(340)] could not read dos header from C:\WINDOWS\SYSTEM32\WINSPOOL.DRV
[0327/110920.321:ERROR:process_memory_win.cc(73)] ReadMemory at 0x7fffb1e90000 of 64 bytes failed: Only part of a ReadProcessMemory or WriteProcessMemory request was completed. (0x12B)
[0327/110920.321:WARNING:pe_image_reader.cc(340)] could not read dos header from C:\WINDOWS\System32\kernel.appcore.dll
[0327/110920.321:ERROR:process_memory_win.cc(73)] ReadMemory at 0x7fffb27d0000 of 64 bytes failed: Only part of a ReadProcessMemory or WriteProcessMemory request was completed. (0x12B)
[0327/110920.321:WARNING:pe_image_reader.cc(340)] could not read dos header from C:\WINDOWS\System32\bcrypt.dll
[0327/110920.322:ERROR:process_memory_win.cc(73)] ReadMemory at 0x7fffb0880000 of 64 bytes failed: Only part of a ReadProcessMemory or WriteProcessMemory request was completed. (0x12B)
[0327/110920.322:WARNING:pe_image_reader.cc(340)] could not read dos header from C:\WINDOWS\SYSTEM32\dbghelp.dll
[0327/110920.322:ERROR:process_memory_win.cc(73)] ReadMemory at 0x7fffaa290000 of 64 bytes failed: Only part of a ReadProcessMemory or WriteProcessMemory request was completed. (0x12B)
[0327/110920.322:WARNING:pe_image_reader.cc(340)] could not read dos header from C:\WINDOWS\SYSTEM32\WINHTTP.dll
[0327/110920.322:ERROR:process_memory_win.cc(73)] ReadMemory at 0x7fffad100000 of 64 bytes failed: Only part of a ReadProcessMemory or WriteProcessMemory request was completed. (0x12B)
[0327/110920.322:WARNING:pe_image_reader.cc(340)] could not read dos header from C:\WINDOWS\SYSTEM32\dhcpcsvc.DLL
[0327/110920.322:ERROR:process_memory_win.cc(73)] ReadMemory at 0x7fffb3fb0000 of 64 bytes failed: Only part of a ReadProcessMemory or WriteProcessMemory request was completed. (0x12B)
[0327/110920.322:WARNING:pe_image_reader.cc(340)] could not read dos header from C:\WINDOWS\System32\NSI.dll
[0327/110920.322:ERROR:process_memory_win.cc(73)] ReadMemory at 0x7fffa9fa0000 of 64 bytes failed: Only part of a ReadProcessMemory or WriteProcessMemory request was completed. (0x12B)
[0327/110920.322:WARNING:pe_image_reader.cc(340)] could not read dos header from C:\WINDOWS\SYSTEM32\WINMMBASE.dll
[0327/110920.322:ERROR:process_memory_win.cc(73)] ReadMemory at 0x7fffb2800000 of 64 bytes failed: Only part of a ReadProcessMemory or WriteProcessMemory request was completed. (0x12B)
[0327/110920.322:WARNING:pe_image_reader.cc(340)] could not read dos header from C:\WINDOWS\System32\cfgmgr32.dll
[0327/110920.322:ERROR:process_memory_win.cc(73)] ReadMemory at 0x7fffae760000 of 64 bytes failed: Only part of a ReadProcessMemory or WriteProcessMemory request was completed. (0x12B)
[0327/110920.322:WARNING:pe_image_reader.cc(340)] could not read dos header from C:\WINDOWS\SYSTEM32\PROPSYS.dll
[0327/110920.322:ERROR:process_memory_win.cc(73)] ReadMemory at 0x7fffb40f0000 of 64 bytes failed: Only part of a ReadProcessMemory or WriteProcessMemory request was completed. (0x12B)
[0327/110920.322:WARNING:pe_image_reader.cc(340)] could not read dos header from C:\WINDOWS\System32\shcore.dll
[0327/110920.322:ERROR:process_memory_win.cc(73)] ReadMemory at 0x7fffb1d70000 of 64 bytes failed: Only part of a ReadProcessMemory or WriteProcessMemory request was completed. (0x12B)
[0327/110920.322:WARNING:pe_image_reader.cc(340)] could not read dos header from C:\WINDOWS\SYSTEM32\SSPICLI.DLL
[0327/110920.322:ERROR:process_memory_win.cc(73)] ReadMemory at 0x7fffb4de0000 of 64 bytes failed: Only part of a ReadProcessMemory or WriteProcessMemory request was completed. (0x12B)
[0327/110920.322:WARNING:pe_image_reader.cc(340)] could not read dos header from C:\WINDOWS\System32\GDI32.dll
[0327/110920.322:ERROR:process_memory_win.cc(73)] ReadMemory at 0x7fffb2500000 of 64 bytes failed: Only part of a ReadProcessMemory or WriteProcessMemory request was completed. (0x12B)
[0327/110920.322:WARNING:pe_image_reader.cc(340)] could not read dos header from C:\WINDOWS\System32\win32u.dll
[0327/110920.322:ERROR:process_memory_win.cc(73)] ReadMemory at 0x7fffb2050000 of 64 bytes failed: Only part of a ReadProcessMemory or WriteProcessMemory request was completed. (0x12B)
[0327/110920.322:WARNING:pe_image_reader.cc(340)] could not read dos header from C:\WINDOWS\System32\gdi32full.dll
[0327/110920.322:ERROR:process_memory_win.cc(73)] ReadMemory at 0x7fffb32b0000 of 64 bytes failed: Only part of a ReadProcessMemory or WriteProcessMemory request was completed. (0x12B)
[0327/110920.322:WARNING:pe_image_reader.cc(340)] could not read dos header from C:\WINDOWS\System32\USER32.dll
[0327/110920.322:ERROR:process_memory_win.cc(73)] ReadMemory at 0x7fffb4e90000 of 64 bytes failed: Only part of a ReadProcessMemory or WriteProcessMemory request was completed. (0x12B)
[0327/110920.322:WARNING:pe_image_reader.cc(340)] could not read dos header from C:\WINDOWS\System32\IMM32.DLL
[0327/110920.329:ERROR:process_memory_win.cc(73)] ReadMemory at 0x61b15fc000 of 16384 bytes failed: Only part of a ReadProcessMemory or WriteProcessMemory request was completed. (0x12B)
[0327/110920.329:ERROR:process_memory_win.cc(73)] ReadMemory at 0x61b0d58000 of 852 bytes failed: Only part of a ReadProcessMemory or WriteProcessMemory request was completed. (0x12B)
[0327/110920.329:ERROR:process_memory_win.cc(73)] ReadMemory at 0x61b0d59000 of 6024 bytes failed: Only part of a ReadProcessMemory or WriteProcessMemory request was completed. (0x12B)
[0327/110920.329:ERROR:process_memory_win.cc(73)] ReadMemory at 0x1ce8f780fe0 of 4426 bytes failed: Only part of a ReadProcessMemory or WriteProcessMemory request was completed. (0x12B)
[0327/110920.329:ERROR:process_memory_win.cc(73)] ReadMemory at 0x1ce8f782140 of 1012 bytes failed: Only part of a ReadProcessMemory or WriteProcessMemory request was completed. (0x12B)
[0327/110920.329:ERROR:process_memory_win.cc(73)] ReadMemory at 0x1ce8f782788 of 118 bytes failed: Only part of a ReadProcessMemory or WriteProcessMemory request was completed. (0x12B)
[0327/110920.329:ERROR:process_memory_win.cc(73)] ReadMemory at 0x1ce8f782800 of 886 bytes failed: Only part of a ReadProcessMemory or WriteProcessMemory request was completed. (0x12B)
[0327/110920.329:ERROR:process_memory_win.cc(73)] ReadMemory at 0x1ce8f782b78 of 118 bytes failed: Only part of a ReadProcessMemory or WriteProcessMemory request was completed. (0x12B)
[0327/110920.329:ERROR:process_memory_win.cc(73)] ReadMemory at 0x1ce8f782bf0 of 96 bytes failed: Only part of a ReadProcessMemory or WriteProcessMemory request was completed. (0x12B)
[0327/110920.329:ERROR:process_memory_win.cc(73)] ReadMemory at 0x1ce8f782c60 of 58 bytes failed: Only part of a ReadProcessMemory or WriteProcessMemory request was completed. (0x12B)
[0327/110920.329:ERROR:process_memory_win.cc(73)] ReadMemory at 0x1ce8f782d60 of 132 bytes failed: Only part of a ReadProcessMemory or WriteProcessMemory request was completed. (0x12B)
[0327/110920.329:ERROR:process_memory_win.cc(73)] ReadMemory at 0x1ce8f782ef0 of 132 bytes failed: Only part of a ReadProcessMemory or WriteProcessMemory request was completed. (0x12B)
[0327/110920.329:ERROR:process_memory_win.cc(73)] ReadMemory at 0x1ce8f7830b0 of 126 bytes failed: Only part of a ReadProcessMemory or WriteProcessMemory request was completed. (0x12B)
[0327/110920.329:ERROR:process_memory_win.cc(73)] ReadMemory at 0x1ce8f783490 of 132 bytes failed: Only part of a ReadProcessMemory or WriteProcessMemory request was completed. (0x12B)
[0327/110920.329:ERROR:process_memory_win.cc(73)] ReadMemory at 0x1ce8f783620 of 64 bytes failed: Only part of a ReadProcessMemory or WriteProcessMemory request was completed. (0x12B)
[0327/110920.329:ERROR:process_memory_win.cc(73)] ReadMemory at 0x1ce8f783670 of 132 bytes failed: Only part of a ReadProcessMemory or WriteProcessMemory request was completed. (0x12B)
[0327/110920.329:ERROR:process_memory_win.cc(73)] ReadMemory at 0x1ce8f7837e0 of 132 bytes failed: Only part of a ReadProcessMemory or WriteProcessMemory request was completed. (0x12B)
[0327/110920.329:ERROR:process_memory_win.cc(73)] ReadMemory at 0x1ce8f783a80 of 132 bytes failed: Only part of a ReadProcessMemory or WriteProcessMemory request was completed. (0x12B)
[0327/110920.329:ERROR:process_memory_win.cc(73)] ReadMemory at 0x1ce8f783c10 of 68 bytes failed: Only part of a ReadProcessMemory or WriteProcessMemory request was completed. (0x12B)
[0327/110920.329:ERROR:process_memory_win.cc(73)] ReadMemory at 0x1ce8f784d20 of 132 bytes failed: Only part of a ReadProcessMemory or WriteProcessMemory request was completed. (0x12B)
[0327/110920.330:ERROR:process_memory_win.cc(73)] ReadMemory at 0x1ce8f784eb0 of 154 bytes failed: Only part of a ReadProcessMemory or WriteProcessMemory request was completed. (0x12B)
[0327/110920.330:ERROR:process_memory_win.cc(73)] ReadMemory at 0x1ce8f785cb0 of 62 bytes failed: Only part of a ReadProcessMemory or WriteProcessMemory request was completed. (0x12B)
[0327/110920.330:ERROR:process_memory_win.cc(73)] ReadMemory at 0x1ce8f785d30 of 146 bytes failed: Only part of a ReadProcessMemory or WriteProcessMemory request was completed. (0x12B)
[0327/110920.330:ERROR:process_memory_win.cc(73)] ReadMemory at 0x1ce8f785e10 of 132 bytes failed: Only part of a ReadProcessMemory or WriteProcessMemory request was completed. (0x12B)
[0327/110920.330:ERROR:process_memory_win.cc(73)] ReadMemory at 0x1ce8f785fa0 of 60 bytes failed: Only part of a ReadProcessMemory or WriteProcessMemory request was completed. (0x12B)
[0327/110920.330:ERROR:process_memory_win.cc(73)] ReadMemory at 0x1ce8f786830 of 132 bytes failed: Only part of a ReadProcessMemory or WriteProcessMemory request was completed. (0x12B)
[0327/110920.330:ERROR:process_memory_win.cc(73)] ReadMemory at 0x1ce8f78841c of 512 bytes failed: Only part of a ReadProcessMemory or WriteProcessMemory request was completed. (0x12B)
[0327/110920.330:ERROR:process_memory_win.cc(73)] ReadMemory at 0x1ce8f788830 of 132 bytes failed: Only part of a ReadProcessMemory or WriteProcessMemory request was completed. (0x12B)
[0327/110920.330:ERROR:process_memory_win.cc(73)] ReadMemory at 0x1ce8f78b680 of 132 bytes failed: Only part of a ReadProcessMemory or WriteProcessMemory request was completed. (0x12B)
[0327/110920.330:ERROR:process_memory_win.cc(73)] ReadMemory at 0x1ce8f78b7b0 of 132 bytes failed: Only part of a ReadProcessMemory or WriteProcessMemory request was completed. (0x12B)
[0327/110920.330:ERROR:process_memory_win.cc(73)] ReadMemory at 0x1ce8f78c050 of 80 bytes failed: Only part of a ReadProcessMemory or WriteProcessMemory request was completed. (0x12B)
[0327/110920.330:ERROR:process_memory_win.cc(73)] ReadMemory at 0x1ce8f78c730 of 66 bytes failed: Only part of a ReadProcessMemory or WriteProcessMemory request was completed. (0x12B)
[0327/110920.330:ERROR:process_memory_win.cc(73)] ReadMemory at 0x1ce8f78c7d0 of 64 bytes failed: Only part of a ReadProcessMemory or WriteProcessMemory request was completed. (0x12B)
[0327/110920.330:ERROR:process_memory_win.cc(73)] ReadMemory at 0x1ce8f78c910 of 64 bytes failed: Only part of a ReadProcessMemory or WriteProcessMemory request was completed. (0x12B)
[0327/110920.330:ERROR:process_memory_win.cc(73)] ReadMemory at 0x1ce8f78c9b0 of 64 bytes failed: Only part of a ReadProcessMemory or WriteProcessMemory request was completed. (0x12B)
[0327/110920.330:ERROR:process_memory_win.cc(73)] ReadMemory at 0x1ce8f78ca00 of 60 bytes failed: Only part of a ReadProcessMemory or WriteProcessMemory request was completed. (0x12B)
[0327/110920.330:ERROR:process_memory_win.cc(73)] ReadMemory at 0x1ce8f78cb40 of 60 bytes failed: Only part of a ReadProcessMemory or WriteProcessMemory request was completed. (0x12B)
[0327/110920.330:ERROR:process_memory_win.cc(73)] ReadMemory at 0x1ce8f78cb90 of 62 bytes failed: Only part of a ReadProcessMemory or WriteProcessMemory request was completed. (0x12B)
[0327/110920.330:ERROR:process_memory_win.cc(73)] ReadMemory at 0x1ce8f78cc30 of 64 bytes failed: Only part of a ReadProcessMemory or WriteProcessMemory request was completed. (0x12B)
[0327/110920.330:ERROR:process_memory_win.cc(73)] ReadMemory at 0x1ce8f78cc80 of 62 bytes failed: Only part of a ReadProcessMemory or WriteProcessMemory request was completed. (0x12B)
[0327/110920.330:ERROR:process_memory_win.cc(73)] ReadMemory at 0x1ce8f78d6b0 of 132 bytes failed: Only part of a ReadProcessMemory or WriteProcessMemory request was completed. (0x12B)
[0327/110920.331:ERROR:process_memory_win.cc(73)] ReadMemory at 0x1ce8f78d7e0 of 132 bytes failed: Only part of a ReadProcessMemory or WriteProcessMemory request was completed. (0x12B)
[0327/110920.331:ERROR:process_memory_win.cc(73)] ReadMemory at 0x1ce8f78d910 of 132 bytes failed: Only part of a ReadProcessMemory or WriteProcessMemory request was completed. (0x12B)
[0327/110920.331:ERROR:process_memory_win.cc(73)] ReadMemory at 0x1ce8f78da40 of 132 bytes failed: Only part of a ReadProcessMemory or WriteProcessMemory request was completed. (0x12B)
[0327/110920.331:ERROR:process_memory_win.cc(73)] ReadMemory at 0x1ce8f78db70 of 132 bytes failed: Only part of a ReadProcessMemory or WriteProcessMemory request was completed. (0x12B)
[0327/110920.331:ERROR:process_memory_win.cc(73)] ReadMemory at 0x1ce8f78dca0 of 132 bytes failed: Only part of a ReadProcessMemory or WriteProcessMemory request was completed. (0x12B)
[0327/110920.331:ERROR:process_memory_win.cc(73)] ReadMemory at 0x1ce8f78ddd0 of 132 bytes failed: Only part of a ReadProcessMemory or WriteProcessMemory request was completed. (0x12B)
[0327/110920.331:ERROR:process_memory_win.cc(73)] ReadMemory at 0x1ce8f78df00 of 132 bytes failed: Only part of a ReadProcessMemory or WriteProcessMemory request was completed. (0x12B)
[0327/110920.331:ERROR:process_memory_win.cc(73)] ReadMemory at 0x1ce8f78e160 of 132 bytes failed: Only part of a ReadProcessMemory or WriteProcessMemory request was completed. (0x12B)
[0327/110920.331:ERROR:process_memory_win.cc(73)] ReadMemory at 0x1ce8f78e290 of 132 bytes failed: Only part of a ReadProcessMemory or WriteProcessMemory request was completed. (0x12B)
[0327/110920.331:ERROR:process_memory_win.cc(73)] ReadMemory at 0x1ce8f78e3c0 of 132 bytes failed: Only part of a ReadProcessMemory or WriteProcessMemory request was completed. (0x12B)
[0327/110920.331:ERROR:process_memory_win.cc(73)] ReadMemory at 0x1ce8f78e4f0 of 132 bytes failed: Only part of a ReadProcessMemory or WriteProcessMemory request was completed. (0x12B)
[0327/110920.331:ERROR:process_memory_win.cc(73)] ReadMemory at 0x1ce8f78f020 of 76 bytes failed: Only part of a ReadProcessMemory or WriteProcessMemory request was completed. (0x12B)
[0327/110920.331:ERROR:process_memory_win.cc(73)] ReadMemory at 0x1ce8f78f4a0 of 80 bytes failed: Only part of a ReadProcessMemory or WriteProcessMemory request was completed. (0x12B)
[0327/110920.331:ERROR:process_memory_win.cc(73)] ReadMemory at 0x1ce8f790890 of 132 bytes failed: Only part of a ReadProcessMemory or WriteProcessMemory request was completed. (0x12B)
[0327/110920.331:ERROR:process_memory_win.cc(73)] ReadMemory at 0x1ce8f791320 of 132 bytes failed: Only part of a ReadProcessMemory or WriteProcessMemory request was completed. (0x12B)
[0327/110920.331:ERROR:process_memory_win.cc(73)] ReadMemory at 0x1ce8f793e40 of 54 bytes failed: Only part of a ReadProcessMemory or WriteProcessMemory request was completed. (0x12B)
[0327/110920.331:ERROR:process_memory_win.cc(73)] ReadMemory at 0x1ce8f794830 of 132 bytes failed: Only part of a ReadProcessMemory or WriteProcessMemory request was completed. (0x12B)
[0327/110920.331:ERROR:process_memory_win.cc(73)] ReadMemory at 0x1ce8f794a50 of 132 bytes failed: Only part of a ReadProcessMemory or WriteProcessMemory request was completed. (0x12B)
[0327/110920.331:ERROR:process_memory_win.cc(73)] ReadMemory at 0x1ce8f794db0 of 132 bytes failed: Only part of a ReadProcessMemory or WriteProcessMemory request was completed. (0x12B)
[0327/110920.331:ERROR:process_memory_win.cc(73)] ReadMemory at 0x1ce8f7950c0 of 62 bytes failed: Only part of a ReadProcessMemory or WriteProcessMemory request was completed. (0x12B)
[0327/110920.332:ERROR:process_memory_win.cc(73)] ReadMemory at 0x1ce8f7951b0 of 60 bytes failed: Only part of a ReadProcessMemory or WriteProcessMemory request was completed. (0x12B)
[0327/110920.332:ERROR:process_memory_win.cc(73)] ReadMemory at 0x1ce8f795570 of 62 bytes failed: Only part of a ReadProcessMemory or WriteProcessMemory request was completed. (0x12B)
[0327/110920.332:ERROR:process_memory_win.cc(73)] ReadMemory at 0x1ce8f795610 of 62 bytes failed: Only part of a ReadProcessMemory or WriteProcessMemory request was completed. (0x12B)
[0327/110920.332:ERROR:process_memory_win.cc(73)] ReadMemory at 0x1ce8f795660 of 64 bytes failed: Only part of a ReadProcessMemory or WriteProcessMemory request was completed. (0x12B)
[0327/110920.332:ERROR:process_memory_win.cc(73)] ReadMemory at 0x1ce8f7956b0 of 64 bytes failed: Only part of a ReadProcessMemory or WriteProcessMemory request was completed. (0x12B)
[0327/110920.332:ERROR:process_memory_win.cc(73)] ReadMemory at 0x1ce8f795700 of 58 bytes failed: Only part of a ReadProcessMemory or WriteProcessMemory request was completed. (0x12B)
[0327/110920.332:ERROR:process_memory_win.cc(73)] ReadMemory at 0x1ce8f795750 of 62 bytes failed: Only part of a ReadProcessMemory or WriteProcessMemory request was completed. (0x12B)
[0327/110920.332:ERROR:process_memory_win.cc(73)] ReadMemory at 0x1ce8f7957a0 of 62 bytes failed: Only part of a ReadProcessMemory or WriteProcessMemory request was completed. (0x12B)
[0327/110920.332:ERROR:process_memory_win.cc(73)] ReadMemory at 0x1ce8f795840 of 60 bytes failed: Only part of a ReadProcessMemory or WriteProcessMemory request was completed. (0x12B)
[0327/110920.332:ERROR:process_memory_win.cc(73)] ReadMemory at 0x1ce8f795890 of 60 bytes failed: Only part of a ReadProcessMemory or WriteProcessMemory request was completed. (0x12B)
[0327/110920.332:ERROR:process_memory_win.cc(73)] ReadMemory at 0x1ce8f7958e0 of 64 bytes failed: Only part of a ReadProcessMemory or WriteProcessMemory request was completed. (0x12B)
[0327/110920.332:ERROR:process_memory_win.cc(73)] ReadMemory at 0x1ce8f7959d0 of 62 bytes failed: Only part of a ReadProcessMemory or WriteProcessMemory request was completed. (0x12B)
[0327/110920.332:ERROR:process_memory_win.cc(73)] ReadMemory at 0x1ce8f795ac0 of 62 bytes failed: Only part of a ReadProcessMemory or WriteProcessMemory request was completed. (0x12B)
[0327/110920.332:ERROR:process_memory_win.cc(73)] ReadMemory at 0x1ce8f795b60 of 64 bytes failed: Only part of a ReadProcessMemory or WriteProcessMemory request was completed. (0x12B)
[0327/110920.332:ERROR:process_memory_win.cc(73)] ReadMemory at 0x1ce8f795bb0 of 60 bytes failed: Only part of a ReadProcessMemory or WriteProcessMemory request was completed. (0x12B)
[0327/110920.332:ERROR:process_memory_win.cc(73)] ReadMemory at 0x1ce8f795c00 of 58 bytes failed: Only part of a ReadProcessMemory or WriteProcessMemory request was completed. (0x12B)
[0327/110920.332:ERROR:process_memory_win.cc(73)] ReadMemory at 0x1ce8f795de0 of 62 bytes failed: Only part of a ReadProcessMemory or WriteProcessMemory request was completed. (0x12B)
[0327/110920.333:ERROR:process_memory_win.cc(73)] ReadMemory at 0x1ce8f795e80 of 66 bytes failed: Only part of a ReadProcessMemory or WriteProcessMemory request was completed. (0x12B)
[0327/110920.333:ERROR:process_memory_win.cc(73)] ReadMemory at 0x1ce8f796030 of 132 bytes failed: Only part of a ReadProcessMemory or WriteProcessMemory request was completed. (0x12B)
[0327/110920.333:ERROR:process_memory_win.cc(73)] ReadMemory at 0x1ce8f796160 of 132 bytes failed: Only part of a ReadProcessMemory or WriteProcessMemory request was completed. (0x12B)
[0327/110920.333:ERROR:process_memory_win.cc(73)] ReadMemory at 0x1ce8f796290 of 132 bytes failed: Only part of a ReadProcessMemory or WriteProcessMemory request was completed. (0x12B)
[0327/110920.333:ERROR:process_memory_win.cc(73)] ReadMemory at 0x1ce8f7963c0 of 132 bytes failed: Only part of a ReadProcessMemory or WriteProcessMemory request was completed. (0x12B)
[0327/110920.333:ERROR:process_memory_win.cc(73)] ReadMemory at 0x1ce8f796ae0 of 132 bytes failed: Only part of a ReadProcessMemory or WriteProcessMemory request was completed. (0x12B)
[0327/110920.333:ERROR:process_memory_win.cc(73)] ReadMemory at 0x1ce8f796c10 of 132 bytes failed: Only part of a ReadProcessMemory or WriteProcessMemory request was completed. (0x12B)
[0327/110920.333:ERROR:process_memory_win.cc(73)] ReadMemory at 0x1ce8f796d40 of 132 bytes failed: Only part of a ReadProcessMemory or WriteProcessMemory request was completed. (0x12B)
[0327/110920.333:ERROR:process_memory_win.cc(73)] ReadMemory at 0x1ce8f796e70 of 132 bytes failed: Only part of a ReadProcessMemory or WriteProcessMemory request was completed. (0x12B)
[0327/110920.333:ERROR:process_memory_win.cc(73)] ReadMemory at 0x1ce8f797200 of 132 bytes failed: Only part of a ReadProcessMemory or WriteProcessMemory request was completed. (0x12B)
[0327/110920.333:ERROR:process_memory_win.cc(73)] ReadMemory at 0x1ce8f797460 of 132 bytes failed: Only part of a ReadProcessMemory or WriteProcessMemory request was completed. (0x12B)
[0327/110920.334:ERROR:process_memory_win.cc(73)] ReadMemory at 0x1ce8f797590 of 132 bytes failed: Only part of a ReadProcessMemory or WriteProcessMemory request was completed. (0x12B)
[0327/110920.334:ERROR:process_memory_win.cc(73)] ReadMemory at 0x1ce8f7976c0 of 132 bytes failed: Only part of a ReadProcessMemory or WriteProcessMemory request was completed. (0x12B)
[0327/110920.334:ERROR:process_memory_win.cc(73)] ReadMemory at 0x1ce8f7977f0 of 132 bytes failed: Only part of a ReadProcessMemory or WriteProcessMemory request was completed. (0x12B)
[0327/110920.334:ERROR:process_memory_win.cc(73)] ReadMemory at 0x1ce8f797a50 of 132 bytes failed: Only part of a ReadProcessMemory or WriteProcessMemory request was completed. (0x12B)
[0327/110920.334:ERROR:process_memory_win.cc(73)] ReadMemory at 0x1ce8f7abbf0 of 60 bytes failed: Only part of a ReadProcessMemory or WriteProcessMemory request was completed. (0x12B)
[0327/110920.334:ERROR:process_memory_win.cc(73)] ReadMemory at 0x1ce8f7ac050 of 66 bytes failed: Only part of a ReadProcessMemory or WriteProcessMemory request was completed. (0x12B)
[0327/110920.334:ERROR:process_memory_win.cc(73)] ReadMemory at 0x1ce8f7ac190 of 60 bytes failed: Only part of a ReadProcessMemory or WriteProcessMemory request was completed. (0x12B)
[0327/110920.334:ERROR:process_memory_win.cc(73)] ReadMemory at 0x7fff4ca20000 of 384 bytes failed: Only part of a ReadProcessMemory or WriteProcessMemory request was completed. (0x12B)
[0327/110920.334:ERROR:process_memory_win.cc(73)] ReadMemory at 0x7fff53cfc3d8 of 512 bytes failed: Only part of a ReadProcessMemory or WriteProcessMemory request was completed. (0x12B)
[0327/110920.334:ERROR:process_memory_win.cc(73)] ReadMemory at 0x7fff53dbea18 of 512 bytes failed: Only part of a ReadProcessMemory or WriteProcessMemory request was completed. (0x12B)
[0327/110920.336:ERROR:process_memory_win.cc(73)] ReadMemory at 0x7fff53dbf1f0 of 512 bytes failed: Only part of a ReadProcessMemory or WriteProcessMemory request was completed. (0x12B)
[0327/110920.336:ERROR:process_memory_win.cc(73)] ReadMemory at 0x7fffb222a7d9 of 512 bytes failed: Only part of a ReadProcessMemory or WriteProcessMemory request was completed. (0x12B)
[0327/110920.336:ERROR:process_memory_win.cc(73)] ReadMemory at 0x7fffb245b720 of 512 bytes failed: Only part of a ReadProcessMemory or WriteProcessMemory request was completed. (0x12B)
[0327/110920.336:ERROR:process_memory_win.cc(73)] ReadMemory at 0x7fffb505c6c4 of 512 bytes failed: Only part of a ReadProcessMemory or WriteProcessMemory request was completed. (0x12B)
[0327/110920.336:ERROR:process_memory_win.cc(73)] ReadMemory at 0x7fffb50dd681 of 512 bytes failed: Only part of a ReadProcessMemory or WriteProcessMemory request was completed. (0x12B)
[0327/110920.336:ERROR:process_memory_win.cc(73)] ReadMemory at 0x7fffb50ec428 of 18 bytes failed: Only part of a ReadProcessMemory or WriteProcessMemory request was completed. (0x12B)
[0327/110920.336:ERROR:process_memory_win.cc(73)] ReadMemory at 0x7fffb511f4f8 of 40 bytes failed: Only part of a ReadProcessMemory or WriteProcessMemory request was completed. (0x12B)
[0327/110920.336:ERROR:process_memory_win.cc(73)] ReadMemory at 0x7fffb511f978 of 48 bytes failed: Only part of a ReadProcessMemory or WriteProcessMemory request was completed. (0x12B)
[0327/110920.336:ERROR:process_memory_win.cc(73)] ReadMemory at 0x7fffb51253c0 of 64 bytes failed: Only part of a ReadProcessMemory or WriteProcessMemory request was completed. (0x12B)
[0327/110920.342:ERROR:file_io_win.cc(161)] CreateFile C:\Users\swapna\AppData\Local\Temp\scoped_dir15292_1865339430\Crashpad\settings.dat: The system cannot find the file specified. (0x2)
[0327/110920.341:ERROR:scoped_process_suspend.cc(40)] NtResumeProcess: An attempt was made to access an exiting process. (0xc000010a)
